[debug] [2025-10-07T18:07:57.545Z] ----------------------------------------------------------------------
[debug] [2025-10-07T18:07:57.547Z] Command:       /home/jido/.volta/tools/image/node/22.17.1/bin/node /home/jido/.volta/tools/image/packages/firebase-tools/bin/firebase init
[debug] [2025-10-07T18:07:57.548Z] CLI Version:   14.18.0
[debug] [2025-10-07T18:07:57.548Z] Platform:      linux
[debug] [2025-10-07T18:07:57.548Z] Node Version:  v22.17.1
[debug] [2025-10-07T18:07:57.549Z] Time:          Tue Oct 07 2025 15:07:57 GMT-0300 (hora estándar de Argentina)
[debug] [2025-10-07T18:07:57.549Z] ----------------------------------------------------------------------
[debug] 
[debug] [2025-10-07T18:07:57.550Z] >>> [apiv2][query] GET https://firebase-public.firebaseio.com/cli.json [none]
[debug] [2025-10-07T18:07:57.584Z] > command requires scopes: ["email","openid","https://www.googleapis.com/auth/cloudplatformprojects.readonly","https://www.googleapis.com/auth/firebase","https://www.googleapis.com/auth/cloud-platform"]
[debug] [2025-10-07T18:07:57.584Z] > authorizing via signed-in user (equiz.rec@gmail.com)
[info] 
     ######## #### ########  ######## ########     ###     ######  ########
     ##        ##  ##     ## ##       ##     ##  ##   ##  ##       ##
     ######    ##  ########  ######   ########  #########  ######  ######
     ##        ##  ##    ##  ##       ##     ## ##     ##       ## ##
     ##       #### ##     ## ######## ########  ##     ##  ######  ########

You're about to initialize a Firebase project in this directory:

  /home/jido/AndroidStudioProjects/reservarosario/android

[debug] [2025-10-07T18:07:58.012Z] <<< [apiv2][status] GET https://firebase-public.firebaseio.com/cli.json 200
[debug] [2025-10-07T18:07:58.012Z] <<< [apiv2][body] GET https://firebase-public.firebaseio.com/cli.json {"cloudBuildErrorAfter":1594252800000,"cloudBuildWarnAfter":1590019200000,"defaultNode10After":1594252800000,"minVersion":"3.0.5","node8DeploysDisabledAfter":1613390400000,"node8RuntimeDisabledAfter":1615809600000,"node8WarnAfter":1600128000000}
[info] 
=== Project Setup
[info] 
[info] First, let's associate this project directory with a Firebase project.
[info] You can create multiple project aliases by running firebase use --add, 
[info] but for now we'll just set up a default project.
[info] 
[debug] [2025-10-07T18:08:05.426Z] Using project from CLI flag: teatro-guirado
[debug] [2025-10-07T18:08:05.427Z] Checked if tokens are valid: false, expires at: 1759511423821
[debug] [2025-10-07T18:08:05.428Z] Checked if tokens are valid: false, expires at: 1759511423821
[debug] [2025-10-07T18:08:05.428Z] > refreshing access token with scopes: []
[debug] [2025-10-07T18:08:05.430Z] >>> [apiv2][query] POST https://www.googleapis.com/oauth2/v3/token [none]
[debug] [2025-10-07T18:08:05.431Z] >>> [apiv2][body] POST https://www.googleapis.com/oauth2/v3/token [omitted]
[debug] [2025-10-07T18:08:05.715Z] <<< [apiv2][status] POST https://www.googleapis.com/oauth2/v3/token 200
[debug] [2025-10-07T18:08:05.715Z] <<< [apiv2][body] POST https://www.googleapis.com/oauth2/v3/token [omitted]
[debug] [2025-10-07T18:08:05.724Z] >>> [apiv2][query] GET https://firebase.googleapis.com/v1beta1/projects/teatro-guirado [none]
[debug] [2025-10-07T18:08:06.408Z] <<< [apiv2][status] GET https://firebase.googleapis.com/v1beta1/projects/teatro-guirado 200
[debug] [2025-10-07T18:08:06.408Z] <<< [apiv2][body] GET https://firebase.googleapis.com/v1beta1/projects/teatro-guirado {"projectId":"teatro-guirado","projectNumber":"231186871056","displayName":"mariodominguezteixeira","name":"projects/teatro-guirado","resources":{"hostingSite":"teatro-guirado"},"state":"ACTIVE","etag":"1_2f6840dc-fa6e-4c17-8fd9-8a7284eb917e"}
[info] i  Using project teatro-guirado (mariodominguezteixeira) 
[info] 
=== Hosting Setup
[debug] [2025-10-07T18:08:06.727Z] Checked if tokens are valid: true, expires at: 1759864084715
[debug] [2025-10-07T18:08:06.727Z] Checked if tokens are valid: true, expires at: 1759864084715
[debug] [2025-10-07T18:08:06.728Z] >>> [apiv2][query] GET https://firebase.googleapis.com/v1beta1/projects/teatro-guirado [none]
[debug] [2025-10-07T18:08:07.057Z] <<< [apiv2][status] GET https://firebase.googleapis.com/v1beta1/projects/teatro-guirado 200
[debug] [2025-10-07T18:08:07.058Z] <<< [apiv2][body] GET https://firebase.googleapis.com/v1beta1/projects/teatro-guirado {"projectId":"teatro-guirado","projectNumber":"231186871056","displayName":"mariodominguezteixeira","name":"projects/teatro-guirado","resources":{"hostingSite":"teatro-guirado"},"state":"ACTIVE","etag":"1_2f6840dc-fa6e-4c17-8fd9-8a7284eb917e"}
[info] 
[info] Your public directory is the folder (relative to your project directory) that
[info] will contain Hosting assets to be uploaded with firebase deploy. If you
[info] have a build process for your assets, use your build's output directory.
[info] 
[debug] [2025-10-07T18:09:04.027Z] >>> [apiv2][query] GET https://www.gstatic.com/firebasejs/releases.json [none]
[debug] [2025-10-07T18:09:04.263Z] <<< [apiv2][status] GET https://www.gstatic.com/firebasejs/releases.json 200
[debug] [2025-10-07T18:09:04.263Z] <<< [apiv2][body] GET https://www.gstatic.com/firebasejs/releases.json {"current":{"version":"12.3.0","browserURL":"https://www.gstatic.com/firebasejs/12.3.0/firebase.js","packageURL":"https://www.gstatic.com/firebasejs/12.3.0/firebase.tgz"},"live":{"version":"12.3","browserURL":"https://www.gstatic.com/firebasejs/live/12.3/firebase.js","packageURL":"https://www.gstatic.com/firebasejs/live/12.3/firebase.tgz"},"components":{"ai":"https://www.gstatic.com/firebasejs/12.3.0/firebase-ai.js","analytics":"https://www.gstatic.com/firebasejs/12.3.0/firebase-analytics.js","app":"https://www.gstatic.com/firebasejs/12.3.0/firebase-app.js","app-check":"https://www.gstatic.com/firebasejs/12.3.0/firebase-app-check.js","auth":"https://www.gstatic.com/firebasejs/12.3.0/firebase-auth.js","auth/cordova":"https://www.gstatic.com/firebasejs/12.3.0/firebase-auth/cordova.js","auth/web-extension":"https://www.gstatic.com/firebasejs/12.3.0/firebase-auth/web-extension.js","functions":"https://www.gstatic.com/firebasejs/12.3.0/firebase-functions.js","firestore":"https://www.gstatic.com/firebasejs/12.3.0/firebase-firestore.js","firestore/lite":"https://www.gstatic.com/firebasejs/12.3.0/firebase-firestore/lite.js","installations":"https://www.gstatic.com/firebasejs/12.3.0/firebase-installations.js","storage":"https://www.gstatic.com/firebasejs/12.3.0/firebase-storage.js","performance":"https://www.gstatic.com/firebasejs/12.3.0/firebase-performance.js","remote-config":"https://www.gstatic.com/firebasejs/12.3.0/firebase-remote-config.js","messaging":"https://www.gstatic.com/firebasejs/12.3.0/firebase-messaging.js","messaging/sw":"https://www.gstatic.com/firebasejs/12.3.0/firebase-messaging/sw.js","database":"https://www.gstatic.com/firebasejs/12.3.0/firebase-database.js","data-connect":"https://www.gstatic.com/firebasejs/12.3.0/firebase-data-connect.js","firestore.memory":"https://www.gstatic.com/firebasejs/12.3.0/firebase-firestore.memory.js"}}
[info] ✔  Wrote firebase logout/index.html 
[info] 
[info] i  Detected a .git folder at /home/jido/AndroidStudioProjects/reservarosario/android 
[info] i  Authorizing with GitHub to upload your service account to a GitHub repository's secrets store. 
[info] 
[info] Visit this URL on this device to log in:
[info] https://github.com/login/oauth/authorize?client_id=89cf50f02ac6aaed3484&state=952843121&redirect_uri=http%3A%2F%2Flocalhost%3A9005&scope=read%3Auser%20repo%20public_repo
[info] 
[info] Waiting for authentication...
